08:55:53,794 root WARNING False
09:31:05,755 root DEBUG [Errno 2] No such file or directory: 'files/tc-09:31:00.xlsx'
10:47:34,812 root DEBUG cannot access local variable 'board' where it is not associated with a value
10:47:42,32 root DEBUG cannot access local variable 'board' where it is not associated with a value
10:48:45,894 root DEBUG cannot access local variable 'board' where it is not associated with a value
10:49:02,343 root DEBUG cannot access local variable 'board' where it is not associated with a value
10:49:08,159 root DEBUG cannot access local variable 'board' where it is not associated with a value
10:52:25,315 root DEBUG Cannot read pin Digital pin 0
10:52:32,448 root DEBUG Cannot read pin Digital pin 0
10:52:44,70 root DEBUG Cannot read pin Digital pin 1
10:54:38,243 root DEBUG Digital pin 2 does not have PWM capabilities
11:03:26,260 root DEBUG 'Pin' object has no attribute 'readbytes'
11:03:36,230 root DEBUG 'Pin' object has no attribute 'readbytes'
11:08:42,237 root DEBUG 'Pin' object has no attribute 'readbytes'
11:09:07,586 root DEBUG 'Pin' object has no attribute 'readbytes'
11:22:48,83 root DEBUG 'Pin' object has no attribute 'readbytes'
12:38:18,817 root DEBUG hejsa
12:38:19,87 root DEBUG hejsa
12:38:19,342 root DEBUG hejsa
12:38:19,596 root DEBUG hejsa
12:38:19,852 root DEBUG hejsa
12:38:20,104 root DEBUG hejsa
12:38:20,359 root DEBUG hejsa
12:38:20,612 root DEBUG hejsa
12:38:31,669 root DEBUG 29.00

12:38:31,931 root DEBUG 29.00

12:38:32,184 root DEBUG 29.00

12:38:32,436 root DEBUG 29.25

12:38:32,692 root DEBUG 29.25

12:38:32,948 root DEBUG 29.25

12:38:33,199 root DEBUG 29.25

12:38:33,452 root DEBUG 29.50

12:38:33,706 root DEBUG 29.25

12:38:33,962 root DEBUG 29.50

12:38:34,217 root DEBUG 29.50

12:38:34,471 root DEBUG 29.50

12:38:34,727 root DEBUG 29.50

12:38:34,983 root DEBUG 29.50

12:38:35,238 root DEBUG 29.50

12:38:35,494 root DEBUG 29.50

12:38:35,749 root DEBUG 29.75

12:38:36,4 root DEBUG 29.50

12:38:36,260 root DEBUG 29.50

12:38:36,515 root DEBUG 29.50

12:38:36,768 root DEBUG 29.75

12:38:37,24 root DEBUG 29.50

12:38:37,279 root DEBUG 29.50

12:38:37,530 root DEBUG 29.50

12:38:37,786 root DEBUG 29.75

12:38:38,42 root DEBUG 29.50

12:38:38,294 root DEBUG 29.75

12:38:38,546 root DEBUG 29.50

12:38:38,802 root DEBUG 29.50

12:38:39,58 root DEBUG 29.50

12:38:39,313 root DEBUG 29.50

12:38:39,566 root DEBUG 29.50

12:38:39,822 root DEBUG 29.50

12:38:40,78 root DEBUG 29.50

12:38:40,333 root DEBUG 29.50

12:38:40,588 root DEBUG 29.50

12:38:40,844 root DEBUG 29.50

12:38:41,100 root DEBUG 29.50

12:38:41,355 root DEBUG 29.50

12:38:41,611 root DEBUG 29.50

12:38:41,865 root DEBUG 29.50

12:38:42,121 root DEBUG 29.50

12:38:42,373 root DEBUG 29.25

12:38:42,625 root DEBUG 29.25

12:38:42,880 root DEBUG 29.25

12:38:43,134 root DEBUG 29.25

12:38:43,390 root DEBUG 29.25

12:38:43,645 root DEBUG 29.50

12:38:43,901 root DEBUG 29.25

12:38:44,153 root DEBUG 29.25

12:38:44,408 root DEBUG 29.25

12:38:44,664 root DEBUG 29.50

12:38:44,915 root DEBUG 29.50

12:38:45,168 root DEBUG 29.25

12:38:45,420 root DEBUG 29.25

12:38:45,675 root DEBUG 29.50

12:38:45,927 root DEBUG 29.25

12:38:46,179 root DEBUG 29.25

12:38:46,432 root DEBUG 29.25

12:38:46,684 root DEBUG 29.25

12:38:46,939 root DEBUG 29.25

12:38:47,192 root DEBUG 29.25

12:38:47,448 root DEBUG 29.25

12:38:47,699 root DEBUG 29.25

12:38:47,951 root DEBUG 29.25

12:38:48,207 root DEBUG 29.25

12:38:48,462 root DEBUG 29.25

12:38:48,716 root DEBUG 29.25

12:38:48,971 root DEBUG 29.25

12:38:49,221 root DEBUG 29.50

12:38:49,477 root DEBUG 29.25

12:38:49,732 root DEBUG 29.00

12:38:49,988 root DEBUG 29.25

12:38:50,244 root DEBUG 29.25

12:38:50,498 root DEBUG 29.25

12:38:50,754 root DEBUG 29.25

12:38:51,10 root DEBUG 29.25

12:38:51,266 root DEBUG 29.25

12:38:51,518 root DEBUG 29.00

12:38:51,771 root DEBUG 29.25

12:38:52,27 root DEBUG 29.25

12:38:52,281 root DEBUG 29.25

12:38:52,537 root DEBUG 29.25

12:38:52,793 root DEBUG 29.00

12:38:53,48 root DEBUG 29.25

12:38:53,303 root DEBUG 29.00

12:38:53,559 root DEBUG 29.25

12:38:53,814 root DEBUG 29.00

12:38:54,65 root DEBUG 29.25

12:38:54,321 root DEBUG 29.00

12:38:54,573 root DEBUG 29.25

12:38:54,824 root DEBUG 29.25

12:38:55,79 root DEBUG 29.00

12:38:59,320 root DEBUG 28.00

12:38:59,588 root DEBUG 28.50

12:38:59,844 root DEBUG 28.50

12:39:00,99 root DEBUG 28.50

12:39:00,355 root DEBUG 28.50

12:39:00,611 root DEBUG 28.50

12:39:00,866 root DEBUG 28.50

12:39:01,121 root DEBUG 28.50

12:39:01,377 root DEBUG 28.75

12:39:01,632 root DEBUG 28.75

12:39:01,888 root DEBUG 28.75

12:40:20,450 root DEBUG 27.50
12:40:20,704 root DEBUG 26.50
12:40:20,954 root DEBUG 27.50
12:40:21,203 root DEBUG 27.75
12:40:21,454 root DEBUG 27.75
12:40:21,703 root DEBUG 27.75
12:40:21,953 root DEBUG 27.75
12:40:22,203 root DEBUG 28.00
12:40:22,453 root DEBUG 28.00
12:40:22,706 root DEBUG 28.00
12:40:22,956 root DEBUG 28.00
12:40:23,206 root DEBUG 28.00
12:40:23,456 root DEBUG 28.00
12:40:23,706 root DEBUG 28.00
12:40:23,956 root DEBUG 28.00
12:40:24,206 root DEBUG 28.25
12:40:24,456 root DEBUG 28.00
12:40:24,706 root DEBUG 28.25
12:40:24,959 root DEBUG 28.25
12:40:25,209 root DEBUG 28.25
12:40:25,459 root DEBUG 26.50
12:40:25,709 root DEBUG 28.00
12:40:25,959 root DEBUG 28.25
12:40:26,209 root DEBUG 28.25
12:40:26,459 root DEBUG 28.00
12:40:26,708 root DEBUG 28.25
12:40:26,962 root DEBUG 28.25
12:40:27,212 root DEBUG 28.25
12:40:27,462 root DEBUG 28.25
12:40:27,712 root DEBUG 27.00
12:40:27,962 root DEBUG 28.25
12:40:28,212 root DEBUG 28.00
12:40:28,461 root DEBUG 27.75
12:40:28,711 root DEBUG 27.75
12:40:28,961 root DEBUG 28.25
12:40:29,215 root DEBUG 27.50
12:40:29,465 root DEBUG 27.25
12:40:52,201 root DEBUG 27.25
12:40:52,450 root DEBUG 27.25
12:40:52,700 root DEBUG 27.50
12:40:52,950 root DEBUG 27.75
12:40:53,204 root DEBUG 27.75
12:40:53,454 root DEBUG 27.75
12:40:53,704 root DEBUG 27.75
12:40:53,954 root DEBUG 28.00
12:40:54,203 root DEBUG 28.00
12:40:54,453 root DEBUG 28.00
12:40:54,703 root DEBUG 28.00
12:40:54,953 root DEBUG 28.00
12:40:55,207 root DEBUG 28.25
12:40:55,457 root DEBUG 28.25
12:40:55,707 root DEBUG 28.25
12:40:55,956 root DEBUG 28.25
12:40:56,206 root DEBUG 28.00
12:40:56,456 root DEBUG 28.25
12:40:56,706 root DEBUG 28.00
12:40:56,956 root DEBUG 28.25
12:42:39,434 root DEBUG 26.25
12:42:39,684 root DEBUG 26.50
12:42:39,934 root DEBUG 26.50
12:42:40,184 root DEBUG 26.50
12:42:40,434 root DEBUG 26.50
12:42:40,684 root DEBUG 26.75
12:42:40,934 root DEBUG 27.00
12:42:41,184 root DEBUG 27.00
12:42:41,434 root DEBUG 27.25
12:42:41,687 root DEBUG 27.00
12:42:41,937 root DEBUG 27.25
12:42:42,187 root DEBUG 27.00
12:42:42,437 root DEBUG 27.25
12:42:42,687 root DEBUG 27.25
12:42:42,937 root DEBUG 27.50
12:42:43,187 root DEBUG 27.50
12:42:43,437 root DEBUG 27.50
12:42:43,691 root DEBUG 27.25
12:42:43,941 root DEBUG 27.50
12:42:44,191 root DEBUG 27.50
12:42:44,441 root DEBUG 27.75
12:42:44,691 root DEBUG 27.50
12:42:44,941 root DEBUG 27.75
12:42:45,191 root DEBUG 27.75
12:42:45,441 root DEBUG 27.75
12:42:45,691 root DEBUG 27.75
12:42:45,944 root DEBUG 27.75
12:42:46,194 root DEBUG 27.75
12:42:46,444 root DEBUG 27.75
12:42:46,694 root DEBUG 27.75
12:42:46,944 root DEBUG 27.50
12:42:47,194 root DEBUG 27.75
12:42:47,444 root DEBUG 27.75
12:42:47,694 root DEBUG 28.00
12:42:47,948 root DEBUG 27.75
12:42:48,198 root DEBUG 27.75
12:42:48,448 root DEBUG 28.00
12:42:48,698 root DEBUG 28.00
12:42:48,948 root DEBUG 28.00
12:42:49,198 root DEBUG 27.75
12:42:49,447 root DEBUG 28.00
12:42:49,697 root DEBUG 27.75
12:42:49,947 root DEBUG 28.00
12:42:50,201 root DEBUG 28.00
12:42:50,451 root DEBUG 28.00
12:42:50,701 root DEBUG 28.00
12:42:50,951 root DEBUG 28.00
12:42:51,201 root DEBUG 28.00
12:42:51,451 root DEBUG 28.00
12:42:51,701 root DEBUG 28.00
12:42:51,951 root DEBUG 27.75
12:42:52,200 root DEBUG 28.00
12:42:52,454 root DEBUG 28.00
12:42:52,704 root DEBUG 28.00
12:42:52,954 root DEBUG 28.00
12:42:53,204 root DEBUG 28.00
12:42:53,454 root DEBUG 28.00
12:42:53,704 root DEBUG 28.00
12:42:53,954 root DEBUG 28.00
12:42:54,204 root DEBUG 28.00
12:42:54,457 root DEBUG 28.00
12:42:54,707 root DEBUG 28.00
12:42:54,957 root DEBUG 28.00
12:42:55,207 root DEBUG 28.00
12:42:55,457 root DEBUG 28.00
12:42:55,707 root DEBUG 28.00
12:42:55,957 root DEBUG 28.00
12:42:56,207 root DEBUG 28.00
12:42:56,457 root DEBUG 28.00
12:42:56,710 root DEBUG 28.25
